生成启动时间为 2014/8/27 14:35:02。
     1>项目“C:\Users\Administrator\Documents\Visual Studio 2013\Projects\CTest\Win32Project1\Win32Project1.vcxproj”在节点 2 上(Build 个目标)。
     1>ClCompile:
         C:\Program Files (x86)\Microsoft Visual Studio 10.0\VC\bin\CL.exe /c /ZI /nologo /W3 /WX- /Od /Oy- /D WIN32 /D _DEBUG /D _WINDOWS /D _USRDLL /D WIN32PROJECT1_EXPORTS /D _WINDLL /D _UNICODE /D UNICODE /Gm /EHsc /RTC1 /MDd /GS /fp:precise /Zc:wchar_t /Zc:forScope /Yu"StdAfx.h" /Fp"Debug\Win32Project1.pch" /Fo"Debug\\" /Fd"Debug\vc100.pdb" /Gd /TC /analyze- /errorReport:prompt Win32Project1.c
         Win32Project1.c
     1>c:\users\administrator\documents\visual studio 2013\projects\ctest\win32project1\libavutil\rational.h(53): error C2054: 在“inline”之后应输入“(”
     1>c:\users\administrator\documents\visual studio 2013\projects\ctest\win32project1\libavutil\rational.h(54): error C2085: “av_make_q”: 不在形参表中
     1>c:\users\administrator\documents\visual studio 2013\projects\ctest\win32project1\libavutil\rational.h(54): error C2143: 语法错误 : 缺少“;”(在“{”的前面)
     1>c:\users\administrator\documents\visual studio 2013\projects\ctest\win32project1\libavutil\rational.h(66): error C2054: 在“inline”之后应输入“(”
     1>c:\users\administrator\documents\visual studio 2013\projects\ctest\win32project1\libavutil\rational.h(66): error C2085: “av_cmp_q”: 不在形参表中
     1>c:\users\administrator\documents\visual studio 2013\projects\ctest\win32project1\libavutil\rational.h(66): error C2143: 语法错误 : 缺少“;”(在“{”的前面)
     1>c:\users\administrator\documents\visual studio 2013\projects\ctest\win32project1\libavutil\rational.h(80): error C2054: 在“inline”之后应输入“(”
     1>c:\users\administrator\documents\visual studio 2013\projects\ctest\win32project1\libavutil\rational.h(80): error C2085: “av_q2d”: 不在形参表中
     1>c:\users\administrator\documents\visual studio 2013\projects\ctest\win32project1\libavutil\rational.h(80): error C2143: 语法错误 : 缺少“;”(在“{”的前面)
     1>c:\users\administrator\documents\visual studio 2013\projects\ctest\win32project1\libavutil\common.h(34): fatal error C1083: 无法打开包括文件:“inttypes.h”: No such file or directory
     1>已完成生成项目“C:\Users\Administrator\Documents\Visual Studio 2013\Projects\CTest\Win32Project1\Win32Project1.vcxproj”(Build 个目标)的操作 - 失败。

生成失败。

已用时间 00:00:00.16
